<?xml version="1.0" encoding="UTF-8"?>
<testng-results skipped="0" failed="0" ignored="0" total="1" passed="1">
  <reporter-output>
  </reporter-output>
  <suite name="Default suite" duration-ms="24799" started-at="2020-08-20T10:55:13Z" finished-at="2020-08-20T10:55:37Z">
    <groups>
    </groups>
    <test name="Default test" duration-ms="24799" started-at="2020-08-20T10:55:13Z" finished-at="2020-08-20T10:55:37Z">
      <class name="com.Stackoverflow.StackoverflowUI.StackoverflowTest">
        <test-method status="PASS" signature="setup()[pri:0, instance:com.Stackoverflow.StackoverflowUI.StackoverflowTest@553f17c]" name="setup" is-config="true" duration-ms="4452" started-at="2020-08-20T10:55:13Z" finished-at="2020-08-20T10:55:17Z">
          <reporter-output>
          </reporter-output>
        </test-method> <!-- setup -->
        <test-method status="PASS" signature="testStackoverflowUI()[pri:0, instance:com.Stackoverflow.StackoverflowUI.StackoverflowTest@553f17c]" name="testStackoverflowUI" duration-ms="19434" started-at="2020-08-20T10:55:17Z" finished-at="2020-08-20T10:55:36Z">
          <reporter-output>
          </reporter-output>
        </test-method> <!-- testStackoverflowUI -->
        <test-method status="PASS" signature="closer()[pri:0, instance:com.Stackoverflow.StackoverflowUI.StackoverflowTest@553f17c]" name="closer" is-config="true" duration-ms="871" started-at="2020-08-20T10:55:36Z" finished-at="2020-08-20T10:55:37Z">
          <reporter-output>
          </reporter-output>
        </test-method> <!-- closer -->
      </class> <!-- com.Stackoverflow.StackoverflowUI.StackoverflowTest -->
    </test> <!-- Default test -->
  </suite> <!-- Default suite -->
</testng-results>
